{"numFailedTestSuites":0,"numFailedTests":0,"numPassedTestSuites":15,"numPassedTests":76,"numPendingTestSuites":1,"numPendingTests":23,"numRuntimeErrorTestSuites":0,"numTotalTestSuites":16,"numTotalTests":99,"snapshot":{"added":0,"didUpdate":false,"failure":false,"filesAdded":0,"filesRemoved":0,"filesUnmatched":0,"filesUpdated":0,"matched":2,"total":2,"unchecked":0,"uncheckedKeys":[],"unmatched":0,"updated":0},"startTime":1557297398251,"success":true,"testResults":[{"assertionResults":[{"ancestorTitles":["Panel 组件是否渲染 default props"],"failureMessages":[],"fullName":"Panel 组件是否渲染 default props Panel Component should be render","location":null,"status":"pending","title":"Panel Component should be render"},{"ancestorTitles":["Panel 组件是否渲染 default props"],"failureMessages":[],"fullName":"Panel 组件是否渲染 default props Panel Component should be with {title=title} render ","location":null,"status":"passed","title":"Panel Component should be with {title=title} render "},{"ancestorTitles":["Panel 组件是否渲染 default props"],"failureMessages":[],"fullName":"Panel 组件是否渲染 default props Panel Component should be with {footer=false} render ","location":null,"status":"passed","title":"Panel Component should be with {footer=false} render "},{"ancestorTitles":["Panel 组件是否渲染 default props"],"failureMessages":[],"fullName":"Panel 组件是否渲染 default props Panel Component should be with {loading=true} render ","location":null,"status":"passed","title":"Panel Component should be with {loading=true} render "},{"ancestorTitles":["Panel 组件是否渲染 default props"],"failureMessages":[],"fullName":"Panel 组件是否渲染 default props Panel Component should be with {confirmLoading=true} render ","location":null,"status":"pending","title":"Panel Component should be with {confirmLoading=true} render "},{"ancestorTitles":["Panel 组件是否渲染 default props"],"failureMessages":[],"fullName":"Panel 组件是否渲染 default props Panel Component LocaleReceiver must exist","location":null,"status":"passed","title":"Panel Component LocaleReceiver must exist"},{"ancestorTitles":["Panel 组件是否渲染 default props"],"failureMessages":[],"fullName":"Panel 组件是否渲染 default props Panel instace renderFooterButton ","location":null,"status":"passed","title":"Panel instace renderFooterButton "},{"ancestorTitles":["Panel 组件是否渲染 default props"],"failureMessages":[],"fullName":"Panel 组件是否渲染 default props Panel Component has no locale","location":null,"status":"passed","title":"Panel Component has no locale"},{"ancestorTitles":["panel 组件设置locale参数后返回值的验证 mount方式"],"failureMessages":[],"fullName":"panel 组件设置locale参数后返回值的验证 mount方式 locale传入okText时希望返回覆盖okText缺省值","location":null,"status":"passed","title":"locale传入okText时希望返回覆盖okText缺省值"}],"endTime":1557297404195,"message":"","name":"E:\\mc\\mcf\\storybook\\modules\\Panel\\__tests__\\Panel.spec.js","startTime":1557297401392,"status":"passed","summary":""},{"assertionResults":[{"ancestorTitles":["AdvancedSearchForm shallow render"],"failureMessages":[],"fullName":"AdvancedSearchForm shallow render render without params","location":null,"status":"passed","title":"render without params"},{"ancestorTitles":["AdvancedSearchForm shallow render"],"failureMessages":[],"fullName":"AdvancedSearchForm shallow render render with one children","location":null,"status":"passed","title":"render with one children"},{"ancestorTitles":["AdvancedSearchForm shallow render"],"failureMessages":[],"fullName":"AdvancedSearchForm shallow render render with childrens","location":null,"status":"passed","title":"render with childrens"},{"ancestorTitles":["AdvancedSearchForm shallow render"],"failureMessages":[],"fullName":"AdvancedSearchForm shallow render render with params","location":null,"status":"pending","title":"render with params"},{"ancestorTitles":["AdvancedSearchForm shallow render"],"failureMessages":[],"fullName":"AdvancedSearchForm shallow render render with childrens than 7 max render 7","location":null,"status":"pending","title":"render with childrens than 7 max render 7"},{"ancestorTitles":["AdvancedSearchForm mount render and behavior"],"failureMessages":[],"fullName":"AdvancedSearchForm mount render and behavior render with childrens expand","location":null,"status":"pending","title":"render with childrens expand"},{"ancestorTitles":["AdvancedSearchForm mount render and behavior"],"failureMessages":[],"fullName":"AdvancedSearchForm mount render and behavior submit filterSubmitHandler","location":null,"status":"pending","title":"submit filterSubmitHandler"},{"ancestorTitles":["AdvancedSearchForm mount render and behavior"],"failureMessages":[],"fullName":"AdvancedSearchForm mount render and behavior expand AdvancedSearchForm by children than 3","location":null,"status":"pending","title":"expand AdvancedSearchForm by children than 3"}],"endTime":1557297404977,"message":"","name":"E:\\mc\\mcf\\storybook\\modules\\AdvancedSearch\\__tests__\\AdvancedSearch.spec.js","startTime":1557297401332,"status":"passed","summary":""},{"assertionResults":[{"ancestorTitles":["FormItem shallow render"],"failureMessages":[],"fullName":"FormItem shallow render FormItem render 带子组件","location":null,"status":"passed","title":"FormItem render 带子组件"},{"ancestorTitles":["FormItem shallow render with Select"],"failureMessages":[],"fullName":"FormItem shallow render with Select FormItem render 带子组件","location":null,"status":"passed","title":"FormItem render 带子组件"},{"ancestorTitles":["FormItem shallow render with Select"],"failureMessages":[],"fullName":"FormItem shallow render with Select FormItem render SELECT 带 options","location":null,"status":"passed","title":"FormItem render SELECT 带 options"},{"ancestorTitles":["FormItem shallow render with Select"],"failureMessages":[],"fullName":"FormItem shallow render with Select FormItem render SELECT 带 fetch","location":null,"status":"passed","title":"FormItem render SELECT 带 fetch"},{"ancestorTitles":["FormItem shallow render with Select"],"failureMessages":[],"fullName":"FormItem shallow render with Select FormItem render SELECT 带 fetch url","location":null,"status":"passed","title":"FormItem render SELECT 带 fetch url"},{"ancestorTitles":["FormItem shallow render with Select"],"failureMessages":[],"fullName":"FormItem shallow render with Select FormItem render getPopupContainer","location":null,"status":"passed","title":"FormItem render getPopupContainer"},{"ancestorTitles":["FormItem shallow render with Select"],"failureMessages":[],"fullName":"FormItem shallow render with Select FormItem render DatePicker","location":null,"status":"pending","title":"FormItem render DatePicker"},{"ancestorTitles":["FormItem shallow render with Select"],"failureMessages":[],"fullName":"FormItem shallow render with Select FormItem render 更新 Children Element options size 0","location":null,"status":"pending","title":"FormItem render 更新 Children Element options size 0"},{"ancestorTitles":["FormItem shallow render with Select"],"failureMessages":[],"fullName":"FormItem shallow render with Select FormItem render Tree 组件","location":null,"status":"pending","title":"FormItem render Tree 组件"},{"ancestorTitles":["FormItem Element 属性测试"],"failureMessages":[],"fullName":"FormItem Element 属性测试 disabled 属性 boolean {true}","location":null,"status":"passed","title":"disabled 属性 boolean {true}"},{"ancestorTitles":["FormItem Element 属性测试"],"failureMessages":[],"fullName":"FormItem Element 属性测试 disabled 属性 function","location":null,"status":"passed","title":"disabled 属性 function"},{"ancestorTitles":["FormItem Element 属性测试"],"failureMessages":[],"fullName":"FormItem Element 属性测试 renderable 属性 boolean {true}","location":null,"status":"passed","title":"renderable 属性 boolean {true}"},{"ancestorTitles":["FormItem Element 属性测试"],"failureMessages":[],"fullName":"FormItem Element 属性测试 renderable 属性 boolean {false}","location":null,"status":"pending","title":"renderable 属性 boolean {false}"},{"ancestorTitles":["FormItem Element 属性测试"],"failureMessages":[],"fullName":"FormItem Element 属性测试 renderable 属性 function {false}","location":null,"status":"pending","title":"renderable 属性 function {false}"},{"ancestorTitles":["setupForm"],"failureMessages":[],"fullName":"setupForm BaseForm itemLayout","location":null,"status":"passed","title":"BaseForm itemLayout"}],"endTime":1557297405295,"message":"","name":"E:\\mc\\mcf\\storybook\\modules\\FormItem\\__tests__\\index.spec.js","startTime":1557297401336,"status":"passed","summary":""},{"assertionResults":[{"ancestorTitles":["BaseForm shallow render"],"failureMessages":[],"fullName":"BaseForm shallow render BaseForm render with props custom formLayout","location":null,"status":"passed","title":"BaseForm render with props custom formLayout"},{"ancestorTitles":["BaseForm shallow render"],"failureMessages":[],"fullName":"BaseForm shallow render BaseForm instanceOf From","location":null,"status":"passed","title":"BaseForm instanceOf From"},{"ancestorTitles":["BaseForm shallow render"],"failureMessages":[],"fullName":"BaseForm shallow render BaseForm has @FormCreate","location":null,"status":"passed","title":"BaseForm has @FormCreate"},{"ancestorTitles":["BaseForm shallow render"],"failureMessages":[],"fullName":"BaseForm shallow render BaseForm has childContext 需要结合子组件验证 ","location":null,"status":"pending","title":"BaseForm has childContext 需要结合子组件验证 "},{"ancestorTitles":["FormItem render with formLayout "],"failureMessages":[],"fullName":"FormItem render with formLayout  FormItem render labelCol wrapperCol","location":null,"status":"passed","title":"FormItem render labelCol wrapperCol"}],"endTime":1557297405535,"message":"","name":"E:\\mc\\mcf\\storybook\\modules\\BaseForm\\__tests__\\index.spec.js","startTime":1557297405010,"status":"passed","summary":""},{"assertionResults":[{"ancestorTitles":["DataTable 组件是否渲染"],"failureMessages":[],"fullName":"DataTable 组件是否渲染 DataTable Component should be render","location":null,"status":"passed","title":"DataTable Component should be render"},{"ancestorTitles":["DataTable 组件是否渲染"],"failureMessages":[],"fullName":"DataTable 组件是否渲染 DataTable Component should be pagination","location":null,"status":"pending","title":"DataTable Component should be pagination"},{"ancestorTitles":["state visible with some methods"],"failureMessages":[],"fullName":"state visible with some methods default visible state is false","location":null,"status":"passed","title":"default visible state is false"},{"ancestorTitles":["state visible with some methods"],"failureMessages":[],"fullName":"state visible with some methods trggier showPopover visible to be true","location":null,"status":"passed","title":"trggier showPopover visible to be true"},{"ancestorTitles":["state visible with some methods"],"failureMessages":[],"fullName":"state visible with some methods trggier onClosePopup visible to be false","location":null,"status":"passed","title":"trggier onClosePopup visible to be false"},{"ancestorTitles":["state visible with some methods"],"failureMessages":[],"fullName":"state visible with some methods trggier onPopupVisibleChange to any","location":null,"status":"passed","title":"trggier onPopupVisibleChange to any"},{"ancestorTitles":["defaultSort "],"failureMessages":[],"fullName":"defaultSort  while defaultSort is exist","location":null,"status":"passed","title":"while defaultSort is exist"},{"ancestorTitles":["defaultSort "],"failureMessages":[],"fullName":"defaultSort  while defaultSort null","location":null,"status":"passed","title":"while defaultSort null"}],"endTime":1557297405950,"message":"","name":"E:\\mc\\mcf\\storybook\\modules\\DataTable\\__tests__\\DataTable.spec.js","startTime":1557297404233,"status":"passed","summary":""},{"assertionResults":[{"ancestorTitles":["ButtonGroups 组件是否渲染"],"failureMessages":[],"fullName":"ButtonGroups 组件是否渲染 ButtonGroups Component should be render","location":null,"status":"passed","title":"ButtonGroups Component should be render"},{"ancestorTitles":["ButtonGroups 组件是否渲染"],"failureMessages":[],"fullName":"ButtonGroups 组件是否渲染 ButtonGroups Components children tip={\"删除数据小心点\"} 不渲染","location":null,"status":"passed","title":"ButtonGroups Components children tip={\"删除数据小心点\"} 不渲染"},{"ancestorTitles":["ButtonGroups 组件是否渲染"],"failureMessages":[],"fullName":"ButtonGroups 组件是否渲染 ButtonGroups Components children 设置了viewMode为icon 时 且 icon属性存在时正常获取icon属性 并 将button内的text节点置为空，保证只显示图片模式","location":null,"status":"passed","title":"ButtonGroups Components children 设置了viewMode为icon 时 且 icon属性存在时正常获取icon属性 并 将button内的text节点置为空，保证只显示图片模式"},{"ancestorTitles":["ButtonGroups 组件是否渲染"],"failureMessages":[],"fullName":"ButtonGroups 组件是否渲染 ButtonGroups Components children 设置了viewMode为icon 时 且 icon属性不存在时不获取icon属性","location":null,"status":"passed","title":"ButtonGroups Components children 设置了viewMode为icon 时 且 icon属性不存在时不获取icon属性"},{"ancestorTitles":["ButtonGroups 组件是否渲染"],"failureMessages":[],"fullName":"ButtonGroups 组件是否渲染 ButtonGroups Components children permission={false} 不渲染","location":null,"status":"passed","title":"ButtonGroups Components children permission={false} 不渲染"},{"ancestorTitles":["ButtonGroups 组件是否渲染"],"failureMessages":[],"fullName":"ButtonGroups 组件是否渲染 ButtonGroups Components menu 模式没有使用场景 先不实现用例","location":null,"status":"pending","title":"ButtonGroups Components menu 模式没有使用场景 先不实现用例"},{"ancestorTitles":["ButtonGroups 组件是否渲染"],"failureMessages":[],"fullName":"ButtonGroups 组件是否渲染 ButtonGroups Components confirmTitle title和confirmTitle是否都匹配正确","location":null,"status":"passed","title":"ButtonGroups Components confirmTitle title和confirmTitle是否都匹配正确"},{"ancestorTitles":["ButtonGroups 事件响应处理"],"failureMessages":[],"fullName":"ButtonGroups 事件响应处理 ButtonGroups 事件分发处理 点击[DELETE]","location":null,"status":"passed","title":"ButtonGroups 事件分发处理 点击[DELETE]"},{"ancestorTitles":["ButtonGroups 事件响应处理"],"failureMessages":[],"fullName":"ButtonGroups 事件响应处理 ButtonGroups 事件分发处理 点击[禁用]按钮「disabled」状态","location":null,"status":"passed","title":"ButtonGroups 事件分发处理 点击[禁用]按钮「disabled」状态"},{"ancestorTitles":["ButtonGroups 事件响应处理"],"failureMessages":[],"fullName":"ButtonGroups 事件响应处理 ButtonGroups 事件分发处理 点击[启用]按钮带确认框","location":null,"status":"passed","title":"ButtonGroups 事件分发处理 点击[启用]按钮带确认框"},{"ancestorTitles":["ButtonGroups 组件设置locale参数后返回值的验证 mount方式"],"failureMessages":[],"fullName":"ButtonGroups 组件设置locale参数后返回值的验证 mount方式 测试locale传参是否正确","location":null,"status":"passed","title":"测试locale传参是否正确"}],"endTime":1557297406141,"message":"","name":"E:\\mc\\mcf\\storybook\\modules\\ButtonGroups\\__tests__\\index.spec.js","startTime":1557297405338,"status":"passed","summary":""},{"assertionResults":[{"ancestorTitles":["DatePicker 组件是否渲染"],"failureMessages":[],"fullName":"DatePicker 组件是否渲染 DataTable Component should be render","location":null,"status":"pending","title":"DataTable Component should be render"},{"ancestorTitles":["DatePicker 组件是否渲染"],"failureMessages":[],"fullName":"DatePicker 组件是否渲染 测试 props.value 自动转换moment 类型","location":null,"status":"passed","title":"测试 props.value 自动转换moment 类型"},{"ancestorTitles":["props format"],"failureMessages":[],"fullName":"props format DatePicker format 格式为YYYY-MM-DD","location":null,"status":"passed","title":"DatePicker format 格式为YYYY-MM-DD"},{"ancestorTitles":["props format"],"failureMessages":[],"fullName":"props format DatePicker format 格式为YYYY-MM","location":null,"status":"passed","title":"DatePicker format 格式为YYYY-MM"},{"ancestorTitles":["props format"],"failureMessages":[],"fullName":"props format DatePicker format 格式为YYYY","location":null,"status":"passed","title":"DatePicker format 格式为YYYY"},{"ancestorTitles":["props format"],"failureMessages":[],"fullName":"props format RangePicker format 格式为YYYY-MM-DD","location":null,"status":"passed","title":"RangePicker format 格式为YYYY-MM-DD"},{"ancestorTitles":["props format"],"failureMessages":[],"fullName":"props format RangePicker format 格式为YYYY-MM","location":null,"status":"passed","title":"RangePicker format 格式为YYYY-MM"},{"ancestorTitles":["props format"],"failureMessages":[],"fullName":"props format RangePicker format 格式为YYYY","location":null,"status":"passed","title":"RangePicker format 格式为YYYY"},{"ancestorTitles":["WrapperDatePicker valueFormat to whatever"],"failureMessages":[],"fullName":"WrapperDatePicker valueFormat to whatever valueFormat 为时间戳x format为YYYY-MM-DD","location":null,"status":"passed","title":"valueFormat 为时间戳x format为YYYY-MM-DD"},{"ancestorTitles":["WrapperDatePicker valueFormat to whatever"],"failureMessages":[],"fullName":"WrapperDatePicker valueFormat to whatever valueFormat 为时间戳x format为YYYY-MM","location":null,"status":"passed","title":"valueFormat 为时间戳x format为YYYY-MM"},{"ancestorTitles":["WrapperDatePicker valueFormat to whatever"],"failureMessages":[],"fullName":"WrapperDatePicker valueFormat to whatever valueFormat 为时间戳x format为YYYY","location":null,"status":"passed","title":"valueFormat 为时间戳x format为YYYY"}],"endTime":1557297406424,"message":"","name":"E:\\mc\\mcf\\storybook\\modules\\WrapperDatePicker\\__tests__\\index.spec.js","startTime":1557297405557,"status":"passed","summary":""},{"assertionResults":[{"ancestorTitles":["Ellipsis render 是否正确渲染"],"failureMessages":[],"fullName":"Ellipsis render 是否正确渲染 默认的tooltiptext为text 的默认值 ''","location":null,"status":"passed","title":"默认的tooltiptext为text 的默认值 ''"},{"ancestorTitles":["Ellipsis render 是否正确渲染"],"failureMessages":[],"fullName":"Ellipsis render 是否正确渲染 若tooltiptext 为undefined text不传，则title默认值为Ellipsis","location":null,"status":"passed","title":"若tooltiptext 为undefined text不传，则title默认值为Ellipsis"},{"ancestorTitles":["Ellipsis render 是否正确渲染"],"failureMessages":[],"fullName":"Ellipsis render 是否正确渲染 tooltip 为被渲染的节点 ","location":null,"status":"passed","title":"tooltip 为被渲染的节点 "},{"ancestorTitles":["Ellipsis render 是否正确渲染"],"failureMessages":[],"fullName":"Ellipsis render 是否正确渲染 tooltiptext最终传值给 tooltip的title","location":null,"status":"passed","title":"tooltiptext最终传值给 tooltip的title"},{"ancestorTitles":["Ellipsis render 是否正确渲染"],"failureMessages":[],"fullName":"Ellipsis render 是否正确渲染 若tooltiptext值为undefined，则tooltip的title为传入的text","location":null,"status":"passed","title":"若tooltiptext值为undefined，则tooltip的title为传入的text"}],"endTime":1557297406547,"message":"","name":"E:\\mc\\mcf\\storybook\\modules\\Ellipsis\\__tests__\\index.spec.js","startTime":1557297406174,"status":"passed","summary":""},{"assertionResults":[{"ancestorTitles":["modal render with props "],"failureMessages":[],"fullName":"modal render with props  modal title是否为prop传入值","location":null,"status":"passed","title":"modal title是否为prop传入值"},{"ancestorTitles":["modal render with props "],"failureMessages":[],"fullName":"modal render with props  modal visible default tobe true","location":null,"status":"passed","title":"modal visible default tobe true"},{"ancestorTitles":["modal render with props "],"failureMessages":[],"fullName":"modal render with props  modal maskClosable default tobe false","location":null,"status":"passed","title":"modal maskClosable default tobe false"},{"ancestorTitles":["modal method tobe called"],"failureMessages":[],"fullName":"modal method tobe called init modal method not be called","location":null,"status":"pending","title":"init modal method not be called"}],"endTime":1557297406595,"message":"","name":"E:\\mc\\mcf\\storybook\\modules\\ModalAndView\\__tests__\\index.spec.js","startTime":1557297405974,"status":"passed","summary":""},{"assertionResults":[{"ancestorTitles":[],"failureMessages":[],"fullName":"RolePermission component","location":null,"status":"pending","title":"RolePermission component"}],"endTime":1557297406916,"message":"","name":"E:\\mc\\mcf\\storybook\\modules\\Permission\\__tests__\\RolePermission.test.js","startTime":1557297406575,"status":"passed","summary":""},{"assertionResults":[{"ancestorTitles":["TabPanel 组件是否渲染 default props"],"failureMessages":[],"fullName":"TabPanel 组件是否渲染 default props TabPanel Component should be render","location":null,"status":"passed","title":"TabPanel Component should be render"}],"endTime":1557297406964,"message":"","name":"E:\\mc\\mcf\\storybook\\modules\\TabsPanel\\__tests__\\index.spec.js","startTime":1557297406451,"status":"passed","summary":""},{"assertionResults":[{"ancestorTitles":["Panel 组件是否渲染 default props"],"failureMessages":[],"fullName":"Panel 组件是否渲染 default props Panel Component should be render","location":null,"status":"pending","title":"Panel Component should be render"},{"ancestorTitles":["Panel 组件是否渲染 default props"],"failureMessages":[],"fullName":"Panel 组件是否渲染 default props Panel Component should be with {title=title} render ","location":null,"status":"pending","title":"Panel Component should be with {title=title} render "},{"ancestorTitles":["Panel 组件是否渲染 default props"],"failureMessages":[],"fullName":"Panel 组件是否渲染 default props Panel Component should be with {footer=false} render ","location":null,"status":"pending","title":"Panel Component should be with {footer=false} render "},{"ancestorTitles":["fieldset state"],"failureMessages":[],"fullName":"fieldset state props display未传时  state hidden为false","location":null,"status":"passed","title":"props display未传时  state hidden为false"},{"ancestorTitles":["fieldset state"],"failureMessages":[],"fullName":"fieldset state props display 传值为hide时 state hidden 为true","location":null,"status":"passed","title":"props display 传值为hide时 state hidden 为true"},{"ancestorTitles":["fieldset state"],"failureMessages":[],"fullName":"fieldset state props display 传值不为hide state hidden 为false","location":null,"status":"passed","title":"props display 传值不为hide state hidden 为false"},{"ancestorTitles":["fieldset hidden with children"],"failureMessages":[],"fullName":"fieldset hidden with children props display传值为hide时，子元素不存在","location":null,"status":"passed","title":"props display传值为hide时，子元素不存在"},{"ancestorTitles":["fieldset hidden with children"],"failureMessages":[],"fullName":"fieldset hidden with children defaultProps display传值不为hide时，子元素存在","location":null,"status":"passed","title":"defaultProps display传值不为hide时，子元素存在"},{"ancestorTitles":["fieldset showHideFun method test"],"failureMessages":[],"fullName":"fieldset showHideFun method test 如果没有onchange方法，showHideFun调用后state hidden改变 初始hidden为true时","location":null,"status":"passed","title":"如果没有onchange方法，showHideFun调用后state hidden改变 初始hidden为true时"},{"ancestorTitles":["fieldset showHideFun method test"],"failureMessages":[],"fullName":"fieldset showHideFun method test 如果没有onchange方法，showHideFun调用后state hidden改变 初始hidden为false时","location":null,"status":"passed","title":"如果没有onchange方法，showHideFun调用后state hidden改变 初始hidden为false时"},{"ancestorTitles":["fieldset showHideFun method test"],"failureMessages":[],"fullName":"fieldset showHideFun method test 如果props 传入onchange 方法，showHideFun后 onchange中的参数取决于hidden的值","location":null,"status":"passed","title":"如果props 传入onchange 方法，showHideFun后 onchange中的参数取决于hidden的值"},{"ancestorTitles":["fieldset showHideFun method test"],"failureMessages":[],"fullName":"fieldset showHideFun method test 如果props 传入onchange 方法，showHideFun后 onchange中的参数取决于hidden的值","location":null,"status":"passed","title":"如果props 传入onchange 方法，showHideFun后 onchange中的参数取决于hidden的值"},{"ancestorTitles":["fieldset 子元素Updown prop 取决于hide值"],"failureMessages":[],"fullName":"fieldset 子元素Updown prop 取决于hide值 hidden 传入为hide 时 updown的props为up","location":null,"status":"passed","title":"hidden 传入为hide 时 updown的props为up"},{"ancestorTitles":["fieldset 子元素Updown prop 取决于hide值"],"failureMessages":[],"fullName":"fieldset 子元素Updown prop 取决于hide值 hidden 传入不为hide时 updown的props为down","location":null,"status":"passed","title":"hidden 传入不为hide时 updown的props为down"}],"endTime":1557297407005,"message":"","name":"E:\\mc\\mcf\\storybook\\modules\\FieldSet\\__tests__\\index.spec.js","startTime":1557297406622,"status":"passed","summary":""},{"assertionResults":[{"ancestorTitles":[],"failureMessages":[],"fullName":"Permission component","location":null,"status":"passed","title":"Permission component"},{"ancestorTitles":[],"failureMessages":[],"fullName":"Permission component is empty","location":null,"status":"passed","title":"Permission component is empty"}],"endTime":1557297407376,"message":"","name":"E:\\mc\\mcf\\storybook\\modules\\Permission\\__tests__\\Permission.test.js","startTime":1557297407030,"status":"passed","summary":""},{"assertionResults":[{"ancestorTitles":["TreeView shallow render"],"failureMessages":[],"fullName":"TreeView shallow render render without params","location":null,"status":"passed","title":"render without params"},{"ancestorTitles":["TreeView shallow render"],"failureMessages":[],"fullName":"TreeView shallow render tree default render ","location":null,"status":"pending","title":"tree default render "}],"endTime":1557297407380,"message":"","name":"E:\\mc\\mcf\\storybook\\modules\\TreeView\\__tests__\\index.spec.js","startTime":1557297407021,"status":"passed","summary":""},{"assertionResults":[{"ancestorTitles":["ErrorBoundary 正确性测试"],"failureMessages":[],"fullName":"ErrorBoundary 正确性测试 若自组件未出现错误则正常渲染","location":null,"status":"passed","title":"若自组件未出现错误则正常渲染"},{"ancestorTitles":["ErrorBoundary 正确性测试"],"failureMessages":[],"fullName":"ErrorBoundary 正确性测试 若自组件有错误则展示出错信息","location":null,"status":"pending","title":"若自组件有错误则展示出错信息"}],"endTime":1557297407432,"message":"","name":"E:\\mc\\mcf\\storybook\\modules\\ErrorBoundary\\__tests__\\index.spec.js","startTime":1557297407112,"status":"passed","summary":""},{"assertionResults":[{"ancestorTitles":["PropertyTable shallow render"],"failureMessages":[],"fullName":"PropertyTable shallow render PropertyTable render","location":null,"status":"passed","title":"PropertyTable render"}],"endTime":1557297407657,"message":"","name":"E:\\mc\\mcf\\storybook\\modules\\PropertyTable\\__tests__\\index.spec.js","startTime":1557297407453,"status":"passed","summary":""}],"wasInterrupted":false}